[2025-09-19 09:31:40] EMAIL TO: tomtas18@gmail.com
SUBJECT: [CONTACT SITE] test
BODY: 
                        Nouveau message de contact :

                        Nom : tom
                        Email : e88459u@etu.univ-lorraine.fr  
                        Sujet : test

                        Message :
                        Quanta autem vis amicitiae sit, ex hoc intellegi maxime potest, quod ex infinita societate generis humani, quam conciliavit ipsa natura, ita contracta res est et adducta in angustum ut omnis caritas aut inter duos aut inter paucos iungeretur.

Ut enim benefici liberalesque sumus, non ut exigamus gratiam (neque enim beneficium faeneramur sed natura propensi ad liberalitatem sumus), sic amicitiam non spe mercedis adducti sed quod omnis eius fructus in ipso amore inest, expetendam putamus.
                        

[2025-09-19 09:48:45] EMAIL TO: tomtas18@gmail.com
SUBJECT: [CONTACT SITE] test
BODY: 
                        Nouveau message de contact :

                        Nom : tom
                        Email : e88459u@etu.univ-lorraine.fr  
                        Sujet : test

                        Message :
                        Quanta autem vis amicitiae sit, ex hoc intellegi maxime potest, quod ex infinita societate generis humani, quam conciliavit ipsa natura, ita contracta res est et adducta in angustum ut omnis caritas aut inter duos aut inter paucos iungeretur.

Ut enim benefici liberalesque sumus, non ut exigamus gratiam (neque enim beneficium faeneramur sed natura propensi ad liberalitatem sumus), sic amicitiam non spe mercedis adducti sed quod omnis eius fructus in ipso amore inest, expetendam putamus.
                        

